<?xml version="1.0" encoding="UTF-8"?>
<!-- Generated by org.testng.reporters.JUnitReportReporter -->
<testsuite skipped="0" hostname="DESKTOP-6L5BUV1" name="org.testng.Case1" tests="3" failures="0" timestamp="14 Jul 2020 11:24:18 GMT" time="0.100" errors="0">
  <testcase name="tc2" time="0.032" classname="org.testng.Case1"/>
  <testcase name="tc3" time="0.026" classname="org.testng.Case1"/>
  <testcase name="tc1" time="0.042" classname="org.testng.Case1"/>
</testsuite> <!-- org.testng.Case1 -->
