<?xml version="1.0" encoding="UTF-8"?>
<!-- Generated by org.testng.reporters.JUnitReportReporter -->
<testsuite skipped="0" hostname="DESKTOP-6L5BUV1" name="org.testng.Sample2" tests="3" failures="0" timestamp="14 Jul 2020 11:24:18 GMT" time="0.111" errors="0">
  <testcase name="tc11" time="0.037" classname="org.testng.Sample2"/>
  <testcase name="tc22" time="0.037" classname="org.testng.Sample2"/>
  <testcase name="tc33" time="0.037" classname="org.testng.Sample2"/>
</testsuite> <!-- org.testng.Sample2 -->
